<?xml version="1.0" encoding="UTF-8"?>
<beans xmlns="http://www.springframework.org/schema/beans"
       xmlns:xsi="http://www.w3.org/2001/XMLSchema-instance"
       xmlns:context="http://www.springframework.org/schema/context"
       xsi:schemaLocation="http://www.springframework.org/schema/beans http://www.springframework.org/schema/beans/spring-beans-3.1.xsd http://www.springframework.org/schema/context http://www.springframework.org/schema/context/spring-context.xsd">

     <context:component-scan base-package="org.lemona.test" />

     <bean class="org.lemona.test.httptools.PooledHttpConnection" name="pooledHttpConnection">
          <property name="responseTimeout" value="3000"/>
          <property name="charSet" value="utf-8"/>
          <property name="poolSize" value="10"/>
          <property name="socketCreationTimeout" value="3000"/>
          <property name="defaultContentType" value="text/plain"/>
     </bean>
</beans>